MEMORY ===
[100]   ' '     #0      break;
[101]   ' '     #0      break;
[102]   '!'     #21     push;2
[103]   ' '     #0      break;
[104]   ' '     #0      break;
[105]   '&'     #26     dup;2
[106]   '!'     #21     push;2
[107]   '☺'     #1      push;
[108]   'W'     #57     jme;r
[109]   '+'     #2b     lt;2
[10a]   '→'     #1a     jni;
[10b]   '☺'     #1      push;
[10c]   '↔'     #1d     store;
[10d]   '&'     #26     dup;2
[10e]   '└'     #c0     jsi;
[10f]   '☺'     #1      push;
[110]   '#'     #23     nip;2
[111]   '☺'     #1      push;
[112]   '♠'     #6      dup;
[113]   '☺'     #1      push;
[114]   '◄'     #11     not;
[115]   '▼'     #1f     write;
[116]   '!'     #21     push;2
[117]   ' '     #0      break;
[118]   '☻'     #2      drop;
[119]   ','     #2c     add;2
[11a]   'Ç'     #80     jmi;
[11b]   '☺'     #1      push;
[11c]   '♣'     #5      rot;
[11d]   '"'     #22     drop;2
[11e]   ' '     #0      break;
[11f]   '☺'     #1      push;
[120]   ' '     #0      break;
[121]   '♦'     #4      swap;
[122]   'V'     #56     jmp;r
[123]   '&'     #26     dup;2
[124]   '∟'     #1c     load;
[125]   '☺'     #1      push;
[126]   '☻'     #2      drop;
[127]   '☼'     #f      div;
[128]   '└'     #c0     jsi;
[129]   '☺'     #1      push;
[12a]   '▼'     #1f     write;
[12b]   '$'     #24     swap;2
[12c]   '0'     #30     inc;2
[12d]   '∟'     #1c     load;
[12e]   '☺'     #1      push;
[12f]   '☻'     #2      drop;
[130]   '☼'     #f      div;
[131]   '└'     #c0     jsi;
[132]   '☺'     #1      push;
[133]   '▼'     #1f     write;
[134]   'V'     #56     jmp;r
[135]   '♠'     #6      dup;
[136]   '♠'     #6      dup;
[137]   '↕'     #12     and;
[138]   '♠'     #6      dup;
[139]   '♠'     #6      dup;
[13a]   '♀'     #c      add;
[13b]   '       #8      eq;
[13c]   '♫'     #e      mul;
[13d]   '
'       #a      gt;
[13e]   '►'     #10     inc;
[13f]   '♀'     #c      add;
[140]   '►'     #10     inc;
[141]   '♫'     #e      mul;
[142]   '►'     #10     inc;
[143]   '►'     #10     inc;
[144]   '♫'     #e      mul;
[145]   '↕'     #12     and;
[146]   '♀'     #c      add;
[147]   '►'     #10     inc;
[148]   ' '     #20     break;2
[149]   ' '     #20     break;2
[14a]   '@'     #40     break;r
[14b]   '0'     #30     inc;2
[14c]   '`'     #60     break;r2
[14d]   '@'     #40     break;r
[14e]   'Ç'     #80     jmi;
[14f]   'P'     #50     inc;r
[150]   'á'     #a0     jei;
[151]   '`'     #60     break;r2
[152]   '└'     #c0     jsi;
[153]   'p'     #70     inc;r2
[154]   'Ó'     #e0     break;kr2
[155]   'Ç'     #80     jmi;
[156]   '­'     #f0     inc;kr2
